Build started 2011/3/15 19:37:20.
     1>Project "T:\workspace\EDT_v3\EDT_v3\EDT_v3.vcxproj" on node 2 (build target(s)).
     1>InitializeBuildStatus:
         Touching "Debug\EDT_v3.unsuccessfulbuild".
       ClCompile:
         C:\Program Files\Microsoft Visual Studio 10.0\VC\bin\CL.exe /c /ZI /nologo /W3 /WX- /Od /Oy- /D WIN32 /D _DEBUG /D _CONSOLE /D _UNICODE /D UNICODE /Gm /EHsc /RTC1 /MDd /GS /fp:precise /Zc:wchar_t /Zc:forScope /Fo"Debug\\" /Fd"Debug\vc100.pdb" /Gd /TP /analyze- /errorReport:prompt main.cpp
         main.cpp
     1>t:\workspace\edt_v3\edt_v3\main.cpp(166): warning C4996: 'freopen': This function or variable may be unsafe. Consider using freopen_s instead. To disable deprecation, use _CRT_SECURE_NO_WARNINGS. See online help for details.
                 c:\program files\microsoft visual studio 10.0\vc\include\stdio.h(249) : see declaration of 'freopen'
     1>t:\workspace\edt_v3\edt_v3\main.cpp(168): warning C4996: 'scanf': This function or variable may be unsafe. Consider using scanf_s instead. To disable deprecation, use _CRT_SECURE_NO_WARNINGS. See online help for details.
                 c:\program files\microsoft visual studio 10.0\vc\include\stdio.h(304) : see declaration of 'scanf'
     1>t:\workspace\edt_v3\edt_v3\main.cpp(171): warning C4996: 'scanf': This function or variable may be unsafe. Consider using scanf_s instead. To disable deprecation, use _CRT_SECURE_NO_WARNINGS. See online help for details.
                 c:\program files\microsoft visual studio 10.0\vc\include\stdio.h(304) : see declaration of 'scanf'
     1>t:\workspace\edt_v3\edt_v3\main.cpp(182): warning C4996: 'freopen': This function or variable may be unsafe. Consider using freopen_s instead. To disable deprecation, use _CRT_SECURE_NO_WARNINGS. See online help for details.
                 c:\program files\microsoft visual studio 10.0\vc\include\stdio.h(249) : see declaration of 'freopen'
       ManifestResourceCompile:
         All outputs are up-to-date.
       Link:
         C:\Program Files\Microsoft Visual Studio 10.0\VC\bin\link.exe /ERRORREPORT:PROMPT /OUT:"T:\workspace\EDT_v3\Debug\EDT_v3.exe" /INCREMENTAL /NOLOGO kernel32.lib user32.lib gdi32.lib winspool.lib comdlg32.lib advapi32.lib shell32.lib ole32.lib oleaut32.lib uuid.lib odbc32.lib odbccp32.lib /MANIFEST /ManifestFile:"Debug\EDT_v3.exe.intermediate.manifest" /MANIFESTUAC:"level='asInvoker' uiAccess='false'" /DEBUG /PDB:"T:\workspace\EDT_v3\Debug\EDT_v3.pdb" /SUBSYSTEM:CONSOLE /TLBID:1 /DYNAMICBASE /NXCOMPAT /IMPLIB:"T:\workspace\EDT_v3\Debug\EDT_v3.lib" /MACHINE:X86 Debug\EDT_v3.exe.embed.manifest.res
         Debug\main.obj
       Manifest:
         C:\Program Files\Microsoft SDKs\Windows\v7.0A\bin\mt.exe /nologo /verbose /out:"Debug\EDT_v3.exe.embed.manifest" /manifest Debug\EDT_v3.exe.intermediate.manifest
         All outputs are up-to-date.
       LinkEmbedManifest:
         All outputs are up-to-date.
         EDT_v3.vcxproj -> T:\workspace\EDT_v3\Debug\EDT_v3.exe
       FinalizeBuildStatus:
         Deleting file "Debug\EDT_v3.unsuccessfulbuild".
         Touching "Debug\EDT_v3.lastbuildstate".
     1>Done Building Project "T:\workspace\EDT_v3\EDT_v3\EDT_v3.vcxproj" (build target(s)).

Build succeeded.

Time Elapsed 00:00:01.22
